<?xml version="1.0" encoding="UTF-8"?>
<testsuite xmlns:xsi="http://www.w3.org/2001/XMLSchema-instance" xsi:noNamespaceSchemaLocation="https://maven.apache.org/surefire/maven-surefire-plugin/xsd/surefire-test-report-3.0.xsd" version="3.0" name="com.sapient.aem.service.UserServiceImplTest" time="0.841" tests="2" errors="0" skipped="0" failures="0">
  <properties>
[...]
</properties>
  <testcase name="testAddUser" classname="com.sapient.aem.service.UserServiceImplTest" time="0.709">
    <system-err><![CDATA[log4j:WARN No such property [conversionPattern] in org.apache.log4j.HTMLLayout.
]]></system-err>
  </testcase>
  <testcase name="testIsValidUser" classname="com.sapient.aem.service.UserServiceImplTest" time="0.001"/>
</testsuite>